AutoECO Report
FILE-A: C:\CADENCE\SPB_16.2\TOOLS\LAYOUT_PLUS\DATA\_DEFAULT.TCH
FILE-B: E:\ANALOGEFFECTS\HW\SCHEMATIC\NEW\MASTER SCHEMATIC.MNL
If "*EOF*" immediately follows, no changes were made
Adding footprint SM/SOT23_BEC
Adding footprint CYL/D.300/LS.100/.034
Adding footprint SM/R_0805
Adding footprint 1/4"JACK2
Adding footprint SM/C_0805
Adding footprint BLKCON.100/VH/TM2OE/W.200/26
Adding footprint D2PAC
Adding footprint DIP.100/28/W.600/L1.400
Adding footprint BARREL JACK
Adding footprint SOG.050/24/WG.420/L.625
Adding footprint SM/D_1406_12
Adding footprint BEAGLE_BONE BLACK
Adding package MMBT3904/SOT_0
Adding package C_ELECT_0
Adding package R
Adding package CONN_JACK_PWR_1
Adding package C
Adding package CON26
Adding package LM2950/TO_2
Adding package MT8809_0
Adding package RCA_JACK_0
Adding package PCF8575_1
Adding package MMSZ5221_0.BT1
Adding package CON6_0
Adding package BEAGLEBONE_BLACK
Adding component Q2
Adding component C1
Adding component R23
Adding component R16
Adding component R4
Adding component J5
Adding component J9
Adding component J7
Adding component C3
Adding component J16
Adding component R34
Adding component R31
Adding component C2
Adding component R25
Adding component J14
Adding component J17
Adding component R5
Adding component U6
Adding component R28
Adding component R8
Adding component J6
Adding component J2
Adding component U1
Adding component J3
Adding component R15
Adding component C5
Adding component R26
Adding component J4
Adding component J11
Adding component R35
Adding component R21
Adding component R32
Adding component R14
Adding component C8
Adding component J18
Adding component R11
Adding component R29
Adding component J10
Adding component C9
Adding component R20
Adding component J12
Adding component C4
Adding component U4
Adding component Q3
Adding component J8
Adding component R13
Adding component R19
Adding component R10
Adding component D1
Adding component J15
Adding component J20
Adding component R24
Adding component Q4
Adding component R18
Adding component C7
Adding component J13
Adding component R12
Adding component R33
Adding component R7
Adding component U3
Adding component R1
Adding component R30
Adding component Q1
Adding component R9
Adding component J1
Adding component R17
Adding component U5
Adding component R22
Adding component U8
Adding component R27
Adding component R6
Adding net PRES6_IN
Adding net P2_OUT
Adding net PRES5_OUT
Adding net P5_IN
Adding net PRES5_IN
Adding net PRES4_OUT
Adding net PRES4_IN
Adding net P2_IN
Adding net PRES3_OUT
Adding net PRES3_IN
Adding net PRES2_OUT
Adding net PRES2_IN
Adding net PWR_BUT
Adding net PRES1_OUT
Adding net N55177
Adding net P1_OUT
Adding net N55185
Adding net N227830
Adding net SIG_OUT+
Adding net N55181
Adding net SIG_IN+
Adding net P4_IN
Adding net GND_SIGNAL
Adding net P3_OUT
Adding net P3_IN
Adding net PRES7_OUT
Adding net GPIO0_20
Adding net PRES7_IN
Adding net PRES6_OUT
Adding net P6_IN
Adding net P5_OUT
Adding net GPIO2_4
Adding net PRES1_IN
Adding net N51627
Adding net P4_OUT
Adding net P1_IN
Adding net P7_OUT
Adding net P7_IN
Adding net P6_OUT
Adding net LED10
Adding net LED4
Adding net LED3
Adding net PRESMASTER_OUT
Adding net LED2
Adding net LED6
Adding net PRESMASTER_IN
Adding net LED5
Adding net SW_UP
Adding net SW8
Adding net SW7
Adding net SW6
Adding net SW5
Adding net SW3
Adding net SW2
Adding net SW1
Adding net SW4
Adding net LED9
Adding net LED1
Adding net SW_DOWN
Adding net LED8
Adding net LED7
Adding net 0
Adding net LCD_DATA1
Adding net LCD_DATA0
Adding net LCD_VSYNC
Adding net LCD_PCLK
Adding net LCD_HSYNC
Adding net LCD_EN
Adding net LCD_DATA9
Adding net LCD_DATA8
Adding net LCD_DATA7
Adding net LCD_DATA6
Adding net LCD_DATA5
Adding net LCD_DATA4
Adding net VDD_3V3B
Adding net VCC
Adding net UART4_TXD
Adding net SYS_RESET
Adding net SYS_5V
Adding net LCD_DATA2
Adding net LCD_DATA3
Adding net UART4_RXD
Adding net LCD_DATA15
Adding net N248565
Adding net LCD_DATA14
Adding net N249006
Adding net LCD_DATA13
Adding net N249449
Adding net LCD_DATA12
Adding net N250037
Adding net LCD_DATA11
Adding net N250628
Adding net LCD_DATA10
Adding net N251077
Adding net N251528
Adding net N251981
Adding net UART1_RXD
Adding net UART1_TXD
Adding net N253669
Adding net N256563
Adding net N197209
Adding net GPIO0_26
Adding net GPIO1_12
Adding net GPIO0_22
Adding net GPIO0_27
Adding net GPIO1_15
Adding net GPIO1_13
Adding net VIN
Adding net I2C1_SDA
Adding net GPIO2_1
Adding net GPIO1_14
Adding net I2C1_SCL
Adding net N98378
Adding net N99800
Adding net GPIO3_16
Adding net N55173
Adding net N51619
Adding net GPIO0_23
Adding net N55919
Adding net N51623
Adding net GPIO1_29
Adding net GPIO0_7
Adding net N97904
Adding net N183515
Adding net N1854950
Adding net N1963710
Deleting net DEFAULT
*EOF*
No errors found
