Post Processor Report
OrCAD FILE: E:\ANALOGEFFECTS\HW\SCHEMATIC\NEW\DESIGN_II-2.MAX
Wed Jan 24 09:20:11 2018

*********************************************************

Output file: E:\ANALOGEFFECTS\HW\SCHEMATIC\NEW\DESIGN_II-2.TOP

Aperture totals for E:\ANALOGEFFECTS\HW\SCHEMATIC\NEW\DESIGN_II-2.TOP:
---------------------------------------------------------
D10:  0.2100 ROUND  --       0 Draws,       4 Flashes
D11:  0.0550 ROUND  --       0 Draws,       2 Flashes
D12:  0.0550 SQUARE --       0 Draws,       2 Flashes
D13:  0.0500 SQUARE --       0 Draws,      22 Flashes
D14:  0.0866 ROUND  --       0 Draws,     102 Flashes
D15:  0.0580 ROUND  --       0 Draws,     132 Flashes
D16:  0.0580 SQUARE --       0 Draws,      14 Flashes
D17:  0.1496 ROUND  --       0 Draws,       3 Flashes
D18:  0.0250 x 0.1000 OBLONG    -----      23 Flashes
D19:  0.0250 x 0.1000 RECTANGLE -----       1 Flashes
D20:  0.1299 ROUND  --       0 Draws,       4 Flashes
D21:  0.1300 ROUND  --      16 Draws,       0 Flashes
D22:  0.0500 ROUND  --    3802 Draws,       0 Flashes
D23:  0.0500 ROUND  --       0 Draws,       2 Flashes
D24:  0.0200 ROUND  --     503 Draws,       0 Flashes
D25:  0.0500 ROUND  --       0 Draws,     135 Flashes
---------------------------------------------------------
 16 D-Codes      -----    4321 Draws,     446 Flashes

*********************************************************

Output file: E:\ANALOGEFFECTS\HW\SCHEMATIC\NEW\DESIGN_II-2.BOT

Aperture totals for E:\ANALOGEFFECTS\HW\SCHEMATIC\NEW\DESIGN_II-2.BOT:
---------------------------------------------------------
D10:  0.2100 ROUND  --       0 Draws,       4 Flashes
D11:  0.0550 ROUND  --       0 Draws,       2 Flashes
D12:  0.0550 SQUARE --       0 Draws,       2 Flashes
D13:  0.0500 SQUARE --       0 Draws,      56 Flashes
D14:  0.0866 ROUND  --       0 Draws,     102 Flashes
D15:  0.0580 ROUND  --       0 Draws,     132 Flashes
D16:  0.0580 SQUARE --       0 Draws,      14 Flashes
D17:  0.1496 ROUND  --       0 Draws,       3 Flashes
D18:  0.0250 x 0.1000 OBLONG    -----      23 Flashes
D19:  0.0250 x 0.1000 RECTANGLE -----       1 Flashes
D20:  0.1299 ROUND  --       0 Draws,       4 Flashes
D22:  0.0500 ROUND  --    4730 Draws,       0 Flashes
D23:  0.0500 ROUND  --       0 Draws,       2 Flashes
D24:  0.0200 ROUND  --     583 Draws,       0 Flashes
D25:  0.0500 ROUND  --       0 Draws,     135 Flashes
D26:  0.0840 x 0.0560 RECTANGLE -----       2 Flashes
D27:  0.0340 x 0.0400 RECTANGLE -----       8 Flashes
D28:  0.0340 x 0.0500 RECTANGLE -----       4 Flashes
D29:  0.1000 x 0.0250 OBLONG    -----      23 Flashes
D30:  0.1000 x 0.0250 RECTANGLE -----       1 Flashes
D31:  0.4803 x 0.3838 RECTANGLE -----       1 Flashes
D32:  0.1378 x 0.0720 RECTANGLE -----       2 Flashes
D33:  0.2200 ROUND  --       4 Draws,       0 Flashes
---------------------------------------------------------
 23 D-Codes      -----    5317 Draws,     521 Flashes

*********************************************************

Output file: E:\ANALOGEFFECTS\HW\SCHEMATIC\NEW\DESIGN_II-2.GND

Aperture totals for E:\ANALOGEFFECTS\HW\SCHEMATIC\NEW\DESIGN_II-2.GND:
---------------------------------------------------------
D22:  0.0500 ROUND  --       4 Draws,       0 Flashes
D34:  0.0750 ROUND  --       0 Draws,       2 Flashes
D35:  0.0750 SQUARE --       0 Draws,       2 Flashes
D36:  0.0780 ROUND  --       0 Draws,     132 Flashes
D37:  0.0780 SQUARE --       0 Draws,      14 Flashes
D38:  0.1299 ROUND  --       0 Draws,       4 Flashes
D39:  0.0750 ROUND  --       0 Draws,     137 Flashes
---------------------------------------------------------
  7 D-Codes      -----       4 Draws,     291 Flashes

*********************************************************

Output file: E:\ANALOGEFFECTS\HW\SCHEMATIC\NEW\DESIGN_II-2.PWR

Aperture totals for E:\ANALOGEFFECTS\HW\SCHEMATIC\NEW\DESIGN_II-2.PWR:
---------------------------------------------------------
D22:  0.0500 ROUND  --       4 Draws,       0 Flashes
D34:  0.0750 ROUND  --       0 Draws,       2 Flashes
D35:  0.0750 SQUARE --       0 Draws,       2 Flashes
D36:  0.0780 ROUND  --       0 Draws,     132 Flashes
D37:  0.0780 SQUARE --       0 Draws,      14 Flashes
D38:  0.1299 ROUND  --       0 Draws,       4 Flashes
D39:  0.0750 ROUND  --       0 Draws,     137 Flashes
---------------------------------------------------------
  7 D-Codes      -----       4 Draws,     291 Flashes

*********************************************************

Output file: E:\ANALOGEFFECTS\HW\SCHEMATIC\NEW\DESIGN_II-2.SMT

Aperture totals for E:\ANALOGEFFECTS\HW\SCHEMATIC\NEW\DESIGN_II-2.SMT:
---------------------------------------------------------
D11:  0.0550 ROUND  --       0 Draws,       2 Flashes
D12:  0.0550 SQUARE --       0 Draws,       2 Flashes
D13:  0.0500 SQUARE --       0 Draws,      22 Flashes
D15:  0.0580 ROUND  --       0 Draws,     132 Flashes
D16:  0.0580 SQUARE --       0 Draws,      14 Flashes
D18:  0.0250 x 0.1000 OBLONG    -----      23 Flashes
D19:  0.0250 x 0.1000 RECTANGLE -----       1 Flashes
D20:  0.1299 ROUND  --       0 Draws,       4 Flashes
D40:  0.2200 ROUND  --       0 Draws,       4 Flashes
D41:  0.0925 ROUND  --       0 Draws,     102 Flashes
D42:  0.1378 ROUND  --       0 Draws,       3 Flashes
D43:  0.0550 ROUND  --       0 Draws,     137 Flashes
---------------------------------------------------------
 12 D-Codes      -----       0 Draws,     446 Flashes

*********************************************************

Output file: E:\ANALOGEFFECTS\HW\SCHEMATIC\NEW\DESIGN_II-2.SMB

Aperture totals for E:\ANALOGEFFECTS\HW\SCHEMATIC\NEW\DESIGN_II-2.SMB:
---------------------------------------------------------
D11:  0.0550 ROUND  --       0 Draws,       2 Flashes
D12:  0.0550 SQUARE --       0 Draws,       2 Flashes
D13:  0.0500 SQUARE --       0 Draws,      56 Flashes
D15:  0.0580 ROUND  --       0 Draws,     132 Flashes
D16:  0.0580 SQUARE --       0 Draws,      14 Flashes
D18:  0.0250 x 0.1000 OBLONG    -----      23 Flashes
D19:  0.0250 x 0.1000 RECTANGLE -----       1 Flashes
D20:  0.1299 ROUND  --       0 Draws,       4 Flashes
D26:  0.0840 x 0.0560 RECTANGLE -----       2 Flashes
D27:  0.0340 x 0.0400 RECTANGLE -----       8 Flashes
D28:  0.0340 x 0.0500 RECTANGLE -----       4 Flashes
D29:  0.1000 x 0.0250 OBLONG    -----      23 Flashes
D30:  0.1000 x 0.0250 RECTANGLE -----       1 Flashes
D31:  0.4803 x 0.3838 RECTANGLE -----       1 Flashes
D32:  0.1378 x 0.0720 RECTANGLE -----       2 Flashes
D40:  0.2200 ROUND  --       0 Draws,       4 Flashes
D41:  0.0925 ROUND  --       0 Draws,     102 Flashes
D42:  0.1378 ROUND  --       0 Draws,       3 Flashes
D43:  0.0550 ROUND  --       0 Draws,     137 Flashes
---------------------------------------------------------
 19 D-Codes      -----       0 Draws,     521 Flashes

*********************************************************

Output file: E:\ANALOGEFFECTS\HW\SCHEMATIC\NEW\DESIGN_II-2.SST

Aperture totals for E:\ANALOGEFFECTS\HW\SCHEMATIC\NEW\DESIGN_II-2.SST:
---------------------------------------------------------
D44:  0.0080 ROUND  --     383 Draws,       0 Flashes
D45:  0.0060 ROUND  --     268 Draws,       0 Flashes
D46:  0.0098 ROUND  --     944 Draws,       0 Flashes
D47:  0.0100 ROUND  --      24 Draws,       0 Flashes
---------------------------------------------------------
  4 D-Codes      -----    1619 Draws,       0 Flashes

*********************************************************

Output file: E:\ANALOGEFFECTS\HW\SCHEMATIC\NEW\DESIGN_II-2.SSB

Aperture totals for E:\ANALOGEFFECTS\HW\SCHEMATIC\NEW\DESIGN_II-2.SSB:
---------------------------------------------------------
D44:  0.0080 ROUND  --      31 Draws,       0 Flashes
D45:  0.0060 ROUND  --     669 Draws,       0 Flashes
D47:  0.0100 ROUND  --     899 Draws,       0 Flashes
D48:  0.0450 ROUND  --      66 Draws,       0 Flashes
---------------------------------------------------------
  4 D-Codes      -----    1665 Draws,       0 Flashes

*********************************************************

Output file: E:\ANALOGEFFECTS\HW\SCHEMATIC\NEW\DESIGN_II-2.AST

Aperture totals for E:\ANALOGEFFECTS\HW\SCHEMATIC\NEW\DESIGN_II-2.AST:
---------------------------------------------------------
D11:  0.0550 ROUND  --       0 Draws,       2 Flashes
D12:  0.0550 SQUARE --       0 Draws,       2 Flashes
D13:  0.0500 SQUARE --       0 Draws,      22 Flashes
D15:  0.0580 ROUND  --       0 Draws,     132 Flashes
D16:  0.0580 SQUARE --       0 Draws,      14 Flashes
D18:  0.0250 x 0.1000 OBLONG    -----      23 Flashes
D19:  0.0250 x 0.1000 RECTANGLE -----       1 Flashes
D22:  0.0500 ROUND  --       4 Draws,       0 Flashes
D44:  0.0080 ROUND  --     450 Draws,       0 Flashes
D45:  0.0060 ROUND  --     427 Draws,       0 Flashes
D46:  0.0098 ROUND  --     944 Draws,       0 Flashes
D47:  0.0100 ROUND  --      66 Draws,       0 Flashes
---------------------------------------------------------
 12 D-Codes      -----    1891 Draws,     196 Flashes

*********************************************************

Output file: E:\ANALOGEFFECTS\HW\SCHEMATIC\NEW\DESIGN_II-2.DRD

Aperture totals for E:\ANALOGEFFECTS\HW\SCHEMATIC\NEW\DESIGN_II-2.DRD:
---------------------------------------------------------
D22:  0.0500 ROUND  --       4 Draws,       0 Flashes
D47:  0.0100 ROUND  --    2233 Draws,       0 Flashes
---------------------------------------------------------
  2 D-Codes      -----    2237 Draws,       0 Flashes

*********************************************************

Output file: E:\ANALOGEFFECTS\HW\SCHEMATIC\NEW\DESIGN_II-2.FAB

Aperture totals for E:\ANALOGEFFECTS\HW\SCHEMATIC\NEW\DESIGN_II-2.FAB:
---------------------------------------------------------
D22:  0.0500 ROUND  --       4 Draws,       0 Flashes
D49:  0.0280 ROUND  --       0 Draws,     137 Flashes
---------------------------------------------------------
  2 D-Codes      -----       4 Draws,     137 Flashes


*********************************************************

Aperture totals for entire project:
---------------------------------------------------------
D10:  0.2100 ROUND  --       0 Draws,       8 Flashes
D11:  0.0550 ROUND  --       0 Draws,      10 Flashes
D12:  0.0550 SQUARE --       0 Draws,      10 Flashes
D13:  0.0500 SQUARE --       0 Draws,     178 Flashes
D14:  0.0866 ROUND  --       0 Draws,     204 Flashes
D15:  0.0580 ROUND  --       0 Draws,     660 Flashes
D16:  0.0580 SQUARE --       0 Draws,      70 Flashes
D17:  0.1496 ROUND  --       0 Draws,       6 Flashes
D18:  0.0250 x 0.1000 OBLONG    -----     115 Flashes
D19:  0.0250 x 0.1000 RECTANGLE -----       5 Flashes
D20:  0.1299 ROUND  --       0 Draws,      16 Flashes
D21:  0.1300 ROUND  --      16 Draws,       0 Flashes
D22:  0.0500 ROUND  --    8552 Draws,       0 Flashes
D23:  0.0500 ROUND  --       0 Draws,       4 Flashes
D24:  0.0200 ROUND  --    1086 Draws,       0 Flashes
D25:  0.0500 ROUND  --       0 Draws,     270 Flashes
D26:  0.0840 x 0.0560 RECTANGLE -----       4 Flashes
D27:  0.0340 x 0.0400 RECTANGLE -----      16 Flashes
D28:  0.0340 x 0.0500 RECTANGLE -----       8 Flashes
D29:  0.1000 x 0.0250 OBLONG    -----      46 Flashes
D30:  0.1000 x 0.0250 RECTANGLE -----       2 Flashes
D31:  0.4803 x 0.3838 RECTANGLE -----       2 Flashes
D32:  0.1378 x 0.0720 RECTANGLE -----       4 Flashes
D33:  0.2200 ROUND  --       4 Draws,       0 Flashes
D34:  0.0750 ROUND  --       0 Draws,       4 Flashes
D35:  0.0750 SQUARE --       0 Draws,       4 Flashes
D36:  0.0780 ROUND  --       0 Draws,     264 Flashes
D37:  0.0780 SQUARE --       0 Draws,      28 Flashes
D38:  0.1299 ROUND  --       0 Draws,       8 Flashes
D39:  0.0750 ROUND  --       0 Draws,     274 Flashes
D40:  0.2200 ROUND  --       0 Draws,       8 Flashes
D41:  0.0925 ROUND  --       0 Draws,     204 Flashes
D42:  0.1378 ROUND  --       0 Draws,       6 Flashes
D43:  0.0550 ROUND  --       0 Draws,     274 Flashes
D44:  0.0080 ROUND  --     864 Draws,       0 Flashes
D45:  0.0060 ROUND  --    1364 Draws,       0 Flashes
D46:  0.0098 ROUND  --    1888 Draws,       0 Flashes
D47:  0.0100 ROUND  --    3222 Draws,       0 Flashes
D48:  0.0450 ROUND  --      66 Draws,       0 Flashes
D49:  0.0280 ROUND  --       0 Draws,     137 Flashes
---------------------------------------------------------
 40 D-Codes      -----   17062 Draws,    2849 Flashes


No warnings or errors.
