Tue Sep 26 18:10:33 Log file reset
Tue Sep 26 18:10:33 Loaded file BACKUP0.MAX
Tue Sep 26 18:11:12 Saved as file ~undo.max
Tue Sep 26 18:11:22 Saved as file E:\ANALOG FX\NEW\MASTER SCHEMATIC-9.MAX
Tue Sep 26 18:11:26 Saved as file BACKUP1.MAX
Tue Sep 26 18:11:26 Saved as file BACKUP1.MAX
Tue Sep 26 18:11:27 Saved as file BACKUP1.MAX
Tue Sep 26 18:11:27 Saved as file BACKUP1.MAX
Tue Sep 26 18:11:27 Saved as file BACKUP1.MAX
Tue Sep 26 18:11:28 Saved as file BACKUP1.MAX
Tue Sep 26 18:11:28 Saved as file BACKUP1.MAX
Tue Sep 26 18:11:28 Saved as file BACKUP1.MAX
Tue Sep 26 18:11:28 Saved as file BACKUP1.MAX
Tue Sep 26 18:11:28 Routed 12 connections in 2 seconds.
Tue Sep 26 18:11:28 Total is now 63 out of 150 (42%).
Tue Sep 26 18:11:29 Saved as file SWEEP1.MAX
Tue Sep 26 18:11:34 Saved as file BACKUP1.MAX
Tue Sep 26 18:11:38 Saved as file BACKUP1.MAX
Tue Sep 26 18:11:38 Saved as file BACKUP1.MAX
Tue Sep 26 18:11:42 Saved as file BACKUP1.MAX
Tue Sep 26 18:11:43 Saved as file BACKUP1.MAX
Tue Sep 26 18:11:44 Saved as file BACKUP1.MAX
Tue Sep 26 18:11:45 Saved as file BACKUP1.MAX
Tue Sep 26 18:11:45 Saved as file BACKUP1.MAX
Tue Sep 26 18:11:45 Saved as file BACKUP1.MAX
Tue Sep 26 18:11:45 Routed 147 connections in 16 seconds.
Tue Sep 26 18:11:45 Total is now 139 out of 150 (92%).
Tue Sep 26 18:11:46 Saved as file SWEEP2.MAX
Tue Sep 26 18:11:59 Routed 6 connections in 12 seconds.
Tue Sep 26 18:11:59 Total is now 145 out of 150 (96%).
Tue Sep 26 18:11:59 Saved as file SWEEP3.MAX
Tue Sep 26 18:12:19 Routed 3 connections in 20 seconds.
Tue Sep 26 18:12:22 Total is now 148 out of 150 (98%).
Tue Sep 26 18:12:23 Saved as file SWEEP4.MAX
Tue Sep 26 18:12:25 Routed 2 connections in 2 seconds.
Tue Sep 26 18:12:25 Total is now 150 out of 150 (100%).
Tue Sep 26 18:12:25 Saved as file SWEEP5.MAX
Tue Sep 26 18:20:34 Saved as file BACKUP1.MAX
Tue Sep 26 18:22:43 Saved as file ~undo.max
Tue Sep 26 18:30:02 Saved as file ~undo.max
Tue Sep 26 18:31:03 Saved as file ~undo.max
Tue Sep 26 18:31:04 Saved as file BACKUP1.MAX
Tue Sep 26 18:31:05 Saved as file ~undo.max
Tue Sep 26 18:33:58 Saved as file ~undo.max
Tue Sep 26 18:34:28 Saved as file E:\ANALOG FX\NEW\MASTER SCHEMATIC-9.MAX
Tue Sep 26 18:38:13 Loaded file C:\CADENCE\SPB_16.2\TOOLS\LAYOUT_PLUS\data\template.imp
Tue Sep 26 18:38:13 Loaded file C:\CADENCE\SPB_16.2\TOOLS\LAYOUT_PLUS\data\template.imp
Tue Sep 26 18:38:18 Loaded file I:\AP\DATA1\LAB\LAYOUT LIBRARY\LAYOUT LIBRARY.LLB
Tue Sep 26 18:38:18 Loaded file S:\KROMANN\BACKUP5.MAX
Tue Sep 26 18:38:19 Loaded file I:\GENERAL\COTF\USERS\MEADOWS\MEADOWS.LLB
Tue Sep 26 18:38:21 Loaded file C:\CADENCE\SPB_16.2\TOOLS\LAYOUT_PLUS\data\template.imp
Tue Sep 26 18:38:30 Saved as file ~undo.max
Tue Sep 26 18:38:35 Saved as file ~undo.max
Tue Sep 26 18:38:55 Loaded file C:\CADENCE\SPB_16.2\TOOLS\LAYOUT_PLUS\data\template.imp
Tue Sep 26 18:38:55 Loaded file C:\CADENCE\SPB_16.2\TOOLS\LAYOUT_PLUS\data\template.imp
Tue Sep 26 18:38:57 Loaded file I:\AP\DATA1\LAB\LAYOUT LIBRARY\LAYOUT LIBRARY.LLB
Tue Sep 26 18:38:59 Loaded file I:\GENERAL\COTF\USERS\MEADOWS\MEADOWS.LLB
Tue Sep 26 18:39:08 Loaded file C:\CADENCE\SPB_16.2\TOOLS\LAYOUT_PLUS\data\template.imp
Tue Sep 26 18:39:08 Loaded file C:\CADENCE\SPB_16.2\TOOLS\LAYOUT_PLUS\data\template.imp
Tue Sep 26 18:39:11 Loaded file C:\CADENCE\SPB_16.2\TOOLS\LAYOUT_PLUS\data\template.imp
Tue Sep 26 18:39:21 Loaded file C:\CADENCE\SPB_16.2\TOOLS\LAYOUT_PLUS\data\template.imp
Tue Sep 26 18:39:33 Saved as file ~undo.max
Tue Sep 26 18:39:48 Saved as file ~undo.max
Tue Sep 26 18:40:05 Saved as file ~undo.max
Tue Sep 26 18:40:28 Saved as file ~undo.max
Tue Sep 26 18:40:34 Saved as file ~undo.max
Tue Sep 26 18:40:45 Saved as file ~undo.max
Tue Sep 26 18:41:12 Saved as file E:\ANALOG FX\NEW\MASTER SCHEMATIC-9.MAX
Thu Sep 28 20:09:35 Saved as file ~undo.max
Thu Sep 28 20:09:42 Saved as file ~undo.max
Thu Sep 28 20:11:48 Saved as file BACKUP1.MAX
Thu Sep 28 20:21:48 Saved as file BACKUP1.MAX
Thu Sep 28 20:31:49 Saved as file BACKUP1.MAX
Thu Sep 28 20:41:49 Saved as file BACKUP1.MAX
Thu Sep 28 20:51:49 Saved as file BACKUP1.MAX
Thu Sep 28 21:01:49 Saved as file BACKUP1.MAX
Thu Sep 28 21:11:50 Saved as file BACKUP1.MAX
Thu Sep 28 21:21:50 Saved as file BACKUP1.MAX
Thu Sep 28 21:31:50 Saved as file BACKUP1.MAX
Thu Sep 28 21:41:51 Saved as file BACKUP1.MAX
Thu Sep 28 21:51:51 Saved as file BACKUP1.MAX
Thu Sep 28 22:01:51 Saved as file BACKUP1.MAX
Thu Sep 28 22:11:52 Saved as file BACKUP1.MAX
Thu Sep 28 22:21:52 Saved as file BACKUP1.MAX
Thu Sep 28 22:31:52 Saved as file BACKUP1.MAX
Thu Sep 28 22:34:35 Saved as file ~undo.max
Thu Sep 28 22:34:39 Saved as file ~undo.max
Thu Sep 28 22:41:52 Saved as file BACKUP1.MAX
Wed Oct 04 08:38:29 Saved as file ~undo.max
Thu Oct 05 09:16:25 Loaded file D:\Analog FX\new\MASTER SCHEMATIC-9.MAX
Tue Oct 17 21:21:59 Saved as file BACKUP1.MAX
Tue Oct 17 21:31:59 Saved as file BACKUP1.MAX
Tue Oct 17 21:41:59 Saved as file BACKUP1.MAX
Tue Oct 17 21:52:00 Saved as file BACKUP1.MAX
Tue Oct 17 22:02:00 Saved as file BACKUP1.MAX
Tue Oct 17 22:12:00 Saved as file BACKUP1.MAX
Tue Oct 17 22:22:00 Saved as file BACKUP1.MAX
Tue Oct 17 22:32:01 Saved as file BACKUP1.MAX
Tue Oct 17 22:42:01 Saved as file BACKUP1.MAX
Tue Oct 17 22:52:01 Saved as file BACKUP1.MAX
Tue Oct 17 23:02:02 Saved as file BACKUP1.MAX
Tue Oct 17 23:12:02 Saved as file BACKUP1.MAX
Tue Oct 17 23:22:02 Saved as file BACKUP1.MAX
Tue Oct 17 23:32:02 Saved as file BACKUP1.MAX
Tue Oct 17 23:42:03 Saved as file BACKUP1.MAX
Tue Oct 17 23:52:03 Saved as file BACKUP1.MAX
Wed Oct 18 00:02:03 Saved as file BACKUP1.MAX
Mon Oct 23 20:07:04 Saved as file BACKUP1.MAX
Mon Oct 23 20:17:04 Saved as file BACKUP1.MAX
Mon Oct 23 20:27:05 Saved as file BACKUP1.MAX
Mon Oct 23 20:37:05 Saved as file BACKUP1.MAX
Mon Oct 23 20:47:05 Saved as file BACKUP1.MAX
Mon Oct 23 20:57:06 Saved as file BACKUP1.MAX
Mon Oct 23 21:07:06 Saved as file BACKUP1.MAX
Mon Oct 23 21:17:06 Saved as file BACKUP1.MAX
Mon Oct 23 21:27:06 Saved as file BACKUP1.MAX
Mon Oct 23 21:37:07 Saved as file BACKUP1.MAX
Mon Oct 23 21:47:07 Saved as file BACKUP1.MAX
Mon Oct 23 21:57:07 Saved as file BACKUP1.MAX
Mon Oct 23 22:07:08 Saved as file BACKUP1.MAX
Mon Oct 23 22:17:08 Saved as file BACKUP1.MAX
Mon Oct 23 22:27:08 Saved as file BACKUP1.MAX
Mon Oct 23 22:37:08 Saved as file BACKUP1.MAX
Mon Oct 23 22:47:09 Saved as file BACKUP1.MAX
Mon Oct 23 22:57:09 Saved as file BACKUP1.MAX
Mon Oct 23 23:07:09 Saved as file BACKUP1.MAX
Fri Oct 27 22:08:30 Saved as file BACKUP1.MAX
Fri Oct 27 22:18:30 Saved as file BACKUP1.MAX
Fri Oct 27 22:28:31 Saved as file BACKUP1.MAX
Fri Oct 27 22:38:31 Saved as file BACKUP1.MAX
Fri Oct 27 22:48:31 Saved as file BACKUP1.MAX
Fri Oct 27 22:58:31 Saved as file BACKUP1.MAX
Fri Oct 27 23:08:32 Saved as file BACKUP1.MAX
Mon Oct 30 13:59:02 Saved as file BACKUP1.MAX
Mon Oct 30 14:09:02 Saved as file BACKUP1.MAX
Mon Oct 30 14:18:47 UserDiv from Layout.INI for AutoECO: 60
Mon Oct 30 14:18:47 Loaded file C:\CADENCE\SPB_16.2\TOOLS\LAYOUT_PLUS\DATA\_DEFAULT.TCH
Mon Oct 30 14:18:47 Loaded file I:\AP\DATA1\LAB\LAYOUT LIBRARY\LAYOUT LIBRARY.LLB
Mon Oct 30 14:18:47 Loaded file I:\GENERAL\COTF\USERS\MEADOWS\MEADOWS.LLB
Mon Oct 30 14:18:47 Loaded file C:\Cadence\SPB_16.2\tools\Layout_Plus\library\BCON100T.llb
Mon Oct 30 14:18:47 Loaded file C:\Cadence\SPB_16.2\tools\Layout_Plus\library\BCON156T.llb
Mon Oct 30 14:18:47 Loaded file C:\Cadence\SPB_16.2\tools\Layout_Plus\library\BGA.llb
Mon Oct 30 14:18:47 Loaded file C:\Cadence\SPB_16.2\tools\Layout_Plus\library\CLCC.llb
Mon Oct 30 14:18:47 Loaded file C:\Cadence\SPB_16.2\tools\Layout_Plus\library\DCON050T.llb
Mon Oct 30 14:18:47 Loaded file C:\Cadence\SPB_16.2\tools\Layout_Plus\library\DCON085T.llb
Mon Oct 30 14:18:47 Loaded file C:\Cadence\SPB_16.2\tools\Layout_Plus\library\DIMM050F.llb
Mon Oct 30 14:18:47 Loaded file C:\Cadence\SPB_16.2\tools\Layout_Plus\library\DIMM050T.llb
Mon Oct 30 14:18:47 Loaded file C:\Cadence\SPB_16.2\tools\Layout_Plus\library\DIN.llb
Mon Oct 30 14:18:47 Loaded file C:\Cadence\SPB_16.2\tools\Layout_Plus\library\DIP100B.llb
Mon Oct 30 14:18:47 Loaded file C:\Cadence\SPB_16.2\tools\Layout_Plus\library\DIP100T.llb
Mon Oct 30 14:18:47 Loaded file C:\Cadence\SPB_16.2\tools\Layout_Plus\library\DSUBT.llb
Mon Oct 30 14:18:47 Loaded file C:\Cadence\SPB_16.2\tools\Layout_Plus\library\DSUBT_HD.LLB
Mon Oct 30 14:18:47 Loaded file C:\Cadence\SPB_16.2\tools\Layout_Plus\library\ECON100T.llb
Mon Oct 30 14:18:47 Loaded file C:\Cadence\SPB_16.2\tools\Layout_Plus\library\FBUS.llb
Mon Oct 30 14:18:47 Loaded file C:\Cadence\SPB_16.2\tools\Layout_Plus\library\ISA.llb
Mon Oct 30 14:18:47 Loaded file C:\Cadence\SPB_16.2\tools\Layout_Plus\library\JUMPER.LLB
Mon Oct 30 14:18:47 Loaded file C:\Cadence\SPB_16.2\tools\Layout_Plus\library\LAYOUT.llb
Mon Oct 30 14:18:47 Loaded file C:\Cadence\SPB_16.2\tools\Layout_Plus\library\LCON100T.llb
Mon Oct 30 14:18:47 Loaded file C:\Cadence\SPB_16.2\tools\Layout_Plus\library\PC104.llb
Mon Oct 30 14:18:47 Loaded file C:\Cadence\SPB_16.2\tools\Layout_Plus\library\PCI.llb
Mon Oct 30 14:18:47 Loaded file C:\Cadence\SPB_16.2\tools\Layout_Plus\library\PCON100T.llb
Mon Oct 30 14:18:47 Loaded file C:\Cadence\SPB_16.2\tools\Layout_Plus\library\PCON156T.llb
Mon Oct 30 14:18:47 Loaded file C:\Cadence\SPB_16.2\tools\Layout_Plus\library\PGA.llb
Mon Oct 30 14:18:47 Loaded file C:\Cadence\SPB_16.2\tools\Layout_Plus\library\PLCC.llb
Mon Oct 30 14:18:47 Loaded file C:\Cadence\SPB_16.2\tools\Layout_Plus\library\QUAD.llb
Mon Oct 30 14:18:47 Loaded file C:\Cadence\SPB_16.2\tools\Layout_Plus\library\QUADB.llb
Mon Oct 30 14:18:47 Loaded file C:\Cadence\SPB_16.2\tools\Layout_Plus\library\RELAY.llb
Mon Oct 30 14:18:47 Loaded file C:\Cadence\SPB_16.2\tools\Layout_Plus\library\RF.llb
Mon Oct 30 14:18:47 Loaded file C:\Cadence\SPB_16.2\tools\Layout_Plus\library\SBUS.llb
Mon Oct 30 14:18:47 Loaded file C:\Cadence\SPB_16.2\tools\Layout_Plus\library\SIMM050F.llb
Mon Oct 30 14:18:47 Loaded file C:\Cadence\SPB_16.2\tools\Layout_Plus\library\SIMM050T.llb
Mon Oct 30 14:18:47 Loaded file C:\Cadence\SPB_16.2\tools\Layout_Plus\library\SIMM100F.llb
Mon Oct 30 14:18:47 Loaded file C:\Cadence\SPB_16.2\tools\Layout_Plus\library\SIMM100T.llb
Mon Oct 30 14:18:47 Loaded file C:\Cadence\SPB_16.2\tools\Layout_Plus\library\SIP.llb
Mon Oct 30 14:18:47 Loaded file C:\Cadence\SPB_16.2\tools\Layout_Plus\library\SM.llb
Mon Oct 30 14:18:47 Loaded file C:\Cadence\SPB_16.2\tools\Layout_Plus\library\SOG.llb
Mon Oct 30 14:18:47 Loaded file C:\Cadence\SPB_16.2\tools\Layout_Plus\library\SOJ.llb
Mon Oct 30 14:18:47 Loaded file C:\Cadence\SPB_16.2\tools\Layout_Plus\library\STIFF.llb
Mon Oct 30 14:18:47 Loaded file C:\Cadence\SPB_16.2\tools\Layout_Plus\library\TELE.llb
Mon Oct 30 14:18:47 Loaded file C:\Cadence\SPB_16.2\tools\Layout_Plus\library\TM_AXIAL.llb
Mon Oct 30 14:18:47 Loaded file C:\Cadence\SPB_16.2\tools\Layout_Plus\library\TM_CAP_P.llb
Mon Oct 30 14:18:47 Loaded file C:\Cadence\SPB_16.2\tools\Layout_Plus\library\TM_CYLND.llb
Mon Oct 30 14:18:47 Loaded file C:\Cadence\SPB_16.2\tools\Layout_Plus\library\TM_DIODE.llb
Mon Oct 30 14:18:47 Loaded file C:\Cadence\SPB_16.2\tools\Layout_Plus\library\TM_DISC.llb
Mon Oct 30 14:18:47 Loaded file C:\Cadence\SPB_16.2\tools\Layout_Plus\library\TM_RAD.llb
Mon Oct 30 14:18:47 Loaded file C:\Cadence\SPB_16.2\tools\Layout_Plus\library\TO.llb
Mon Oct 30 14:18:47 Loaded file C:\Cadence\SPB_16.2\tools\Layout_Plus\library\TRAINING.LLB
Mon Oct 30 14:18:48 Loaded file C:\Cadence\SPB_16.2\tools\Layout_Plus\library\VRES.llb
Mon Oct 30 14:18:48 Loaded file C:\Cadence\SPB_16.2\tools\Layout_Plus\library\WCON100T.llb
Mon Oct 30 14:18:48 Loaded file C:\Cadence\SPB_16.2\tools\Layout_Plus\library\XT.llb
Mon Oct 30 14:18:48 Loaded file C:\Cadence\SPB_16.2\tools\Layout_Plus\library\ZIGZAG.llb
Mon Oct 30 14:18:48 Loaded file C:\Cadence\SPB_16.2\tools\Layout_Plus\library\SM.llb
Mon Oct 30 14:19:03 Saved as file BACKUP1.MAX
Mon Oct 30 14:19:03 Loaded file C:\Cadence\SPB_16.2\tools\Layout_Plus\data\template.imp
Mon Oct 30 14:19:03 Loaded file C:\Cadence\SPB_16.2\tools\Layout_Plus\data\template.imp
Mon Oct 30 14:19:13 Loaded file C:\Cadence\SPB_16.2\tools\Layout_Plus\library\BCON156T.llb
Mon Oct 30 14:19:19 Loaded file C:\Cadence\SPB_16.2\tools\Layout_Plus\library\SM.llb
Mon Oct 30 14:19:28 Loaded file C:\Cadence\SPB_16.2\tools\Layout_Plus\data\template.imp
Mon Oct 30 14:19:28 Loaded file C:\Cadence\SPB_16.2\tools\Layout_Plus\data\template.imp
Mon Oct 30 14:19:30 Loaded file C:\Cadence\SPB_16.2\tools\Layout_Plus\library\SM.llb
Mon Oct 30 14:19:30 Loaded file I:\GENERAL\COTF\USERS\MEADOWS\MEADOWS.LLB
Mon Oct 30 14:19:30 Loaded file C:\Cadence\SPB_16.2\tools\Layout_Plus\library\BCON100T.llb
Mon Oct 30 14:19:30 Loaded file C:\CADENCE\SPB_16.2\TOOLS\LAYOUT_PLUS\DATA\_DEFAULT.TCH
Mon Oct 30 14:19:30 Saved as file C:\CADENCE\SPB_16.2\TOOLS\LAYOUT_PLUS\DATA\_DEFAULT.TCH
Mon Oct 30 14:19:30 Loaded file C:\CADENCE\SPB_16.2\TOOLS\LAYOUT_PLUS\DATA\_DEFAULT.TCH
Mon Oct 30 14:21:26 UserDiv from Layout.INI for AutoECO: 60
Mon Oct 30 14:21:26 Loaded file C:\CADENCE\SPB_16.2\TOOLS\LAYOUT_PLUS\DATA\_DEFAULT.TCH
Mon Oct 30 14:21:26 Loaded file I:\AP\DATA1\LAB\LAYOUT LIBRARY\LAYOUT LIBRARY.LLB
Mon Oct 30 14:21:26 Loaded file I:\GENERAL\COTF\USERS\MEADOWS\MEADOWS.LLB
Mon Oct 30 14:21:26 Loaded file C:\Cadence\SPB_16.2\tools\Layout_Plus\library\BCON100T.llb
Mon Oct 30 14:21:26 Loaded file C:\Cadence\SPB_16.2\tools\Layout_Plus\library\BCON156T.llb
Mon Oct 30 14:21:26 Loaded file C:\Cadence\SPB_16.2\tools\Layout_Plus\library\BGA.llb
Mon Oct 30 14:21:26 Loaded file C:\Cadence\SPB_16.2\tools\Layout_Plus\library\CLCC.llb
Mon Oct 30 14:21:26 Loaded file C:\Cadence\SPB_16.2\tools\Layout_Plus\library\DCON050T.llb
Mon Oct 30 14:21:26 Loaded file C:\Cadence\SPB_16.2\tools\Layout_Plus\library\DCON085T.llb
Mon Oct 30 14:21:26 Loaded file C:\Cadence\SPB_16.2\tools\Layout_Plus\library\DIMM050F.llb
Mon Oct 30 14:21:26 Loaded file C:\Cadence\SPB_16.2\tools\Layout_Plus\library\DIMM050T.llb
Mon Oct 30 14:21:26 Loaded file C:\Cadence\SPB_16.2\tools\Layout_Plus\library\DIN.llb
Mon Oct 30 14:21:26 Loaded file C:\Cadence\SPB_16.2\tools\Layout_Plus\library\DIP100B.llb
Mon Oct 30 14:21:26 Loaded file C:\Cadence\SPB_16.2\tools\Layout_Plus\library\DIP100T.llb
Mon Oct 30 14:21:26 Loaded file C:\Cadence\SPB_16.2\tools\Layout_Plus\library\DSUBT.llb
Mon Oct 30 14:21:26 Loaded file C:\Cadence\SPB_16.2\tools\Layout_Plus\library\DSUBT_HD.LLB
Mon Oct 30 14:21:26 Loaded file C:\Cadence\SPB_16.2\tools\Layout_Plus\library\ECON100T.llb
Mon Oct 30 14:21:26 Loaded file C:\Cadence\SPB_16.2\tools\Layout_Plus\library\FBUS.llb
Mon Oct 30 14:21:26 Loaded file C:\Cadence\SPB_16.2\tools\Layout_Plus\library\ISA.llb
Mon Oct 30 14:21:26 Loaded file C:\Cadence\SPB_16.2\tools\Layout_Plus\library\JUMPER.LLB
Mon Oct 30 14:21:26 Loaded file C:\Cadence\SPB_16.2\tools\Layout_Plus\library\LAYOUT.llb
Mon Oct 30 14:21:26 Loaded file C:\Cadence\SPB_16.2\tools\Layout_Plus\library\LCON100T.llb
Mon Oct 30 14:21:26 Loaded file C:\Cadence\SPB_16.2\tools\Layout_Plus\library\PC104.llb
Mon Oct 30 14:21:26 Loaded file C:\Cadence\SPB_16.2\tools\Layout_Plus\library\PCI.llb
Mon Oct 30 14:21:26 Loaded file C:\Cadence\SPB_16.2\tools\Layout_Plus\library\PCON100T.llb
Mon Oct 30 14:21:26 Loaded file C:\Cadence\SPB_16.2\tools\Layout_Plus\library\PCON156T.llb
Mon Oct 30 14:21:26 Loaded file C:\Cadence\SPB_16.2\tools\Layout_Plus\library\PGA.llb
Mon Oct 30 14:21:26 Loaded file C:\Cadence\SPB_16.2\tools\Layout_Plus\library\PLCC.llb
Mon Oct 30 14:21:26 Loaded file C:\Cadence\SPB_16.2\tools\Layout_Plus\library\QUAD.llb
Mon Oct 30 14:21:26 Loaded file C:\Cadence\SPB_16.2\tools\Layout_Plus\library\QUADB.llb
Mon Oct 30 14:21:26 Loaded file C:\Cadence\SPB_16.2\tools\Layout_Plus\library\RELAY.llb
Mon Oct 30 14:21:26 Loaded file C:\Cadence\SPB_16.2\tools\Layout_Plus\library\RF.llb
Mon Oct 30 14:21:26 Loaded file C:\Cadence\SPB_16.2\tools\Layout_Plus\library\SBUS.llb
Mon Oct 30 14:21:26 Loaded file C:\Cadence\SPB_16.2\tools\Layout_Plus\library\SIMM050F.llb
Mon Oct 30 14:21:26 Loaded file C:\Cadence\SPB_16.2\tools\Layout_Plus\library\SIMM050T.llb
Mon Oct 30 14:21:26 Loaded file C:\Cadence\SPB_16.2\tools\Layout_Plus\library\SIMM100F.llb
Mon Oct 30 14:21:26 Loaded file C:\Cadence\SPB_16.2\tools\Layout_Plus\library\SIMM100T.llb
Mon Oct 30 14:21:26 Loaded file C:\Cadence\SPB_16.2\tools\Layout_Plus\library\SIP.llb
Mon Oct 30 14:21:26 Loaded file C:\Cadence\SPB_16.2\tools\Layout_Plus\library\SM.llb
Mon Oct 30 14:21:26 Loaded file C:\Cadence\SPB_16.2\tools\Layout_Plus\library\SOG.llb
Mon Oct 30 14:21:26 Loaded file C:\Cadence\SPB_16.2\tools\Layout_Plus\library\SOJ.llb
Mon Oct 30 14:21:26 Loaded file C:\Cadence\SPB_16.2\tools\Layout_Plus\library\STIFF.llb
Mon Oct 30 14:21:26 Loaded file C:\Cadence\SPB_16.2\tools\Layout_Plus\library\TELE.llb
Mon Oct 30 14:21:26 Loaded file C:\Cadence\SPB_16.2\tools\Layout_Plus\library\TM_AXIAL.llb
Mon Oct 30 14:21:26 Loaded file C:\Cadence\SPB_16.2\tools\Layout_Plus\library\TM_CAP_P.llb
Mon Oct 30 14:21:26 Loaded file C:\Cadence\SPB_16.2\tools\Layout_Plus\library\TM_CYLND.llb
Mon Oct 30 14:21:26 Loaded file C:\Cadence\SPB_16.2\tools\Layout_Plus\library\TM_DIODE.llb
Mon Oct 30 14:21:26 Loaded file C:\Cadence\SPB_16.2\tools\Layout_Plus\library\TM_DISC.llb
Mon Oct 30 14:21:26 Loaded file C:\Cadence\SPB_16.2\tools\Layout_Plus\library\TM_RAD.llb
Mon Oct 30 14:21:26 Loaded file C:\Cadence\SPB_16.2\tools\Layout_Plus\library\TO.llb
Mon Oct 30 14:21:26 Loaded file C:\Cadence\SPB_16.2\tools\Layout_Plus\library\TRAINING.LLB
Mon Oct 30 14:21:26 Loaded file C:\Cadence\SPB_16.2\tools\Layout_Plus\library\VRES.llb
Mon Oct 30 14:21:26 Loaded file C:\Cadence\SPB_16.2\tools\Layout_Plus\library\WCON100T.llb
Mon Oct 30 14:21:26 Loaded file C:\Cadence\SPB_16.2\tools\Layout_Plus\library\XT.llb
Mon Oct 30 14:21:26 Loaded file C:\Cadence\SPB_16.2\tools\Layout_Plus\library\ZIGZAG.llb
Mon Oct 30 14:21:26 Loaded file C:\Cadence\SPB_16.2\tools\Layout_Plus\library\SM.llb
Mon Oct 30 14:21:26 Loaded file I:\GENERAL\COTF\USERS\MEADOWS\MEADOWS.LLB
Mon Oct 30 14:21:26 Loaded file C:\Cadence\SPB_16.2\tools\Layout_Plus\library\BCON100T.llb
Mon Oct 30 14:21:28 Saved as file E:\ANALOG FX\NEW\MINIPB-1.MAX
Mon Oct 30 14:21:30 Saved as file Backup0.max
Mon Oct 30 14:21:30 Windows which were open at time of error:
Mon Oct 30 14:21:30 	ActiveWindow: &Components
Mon Oct 30 14:21:30 	Icon: &Nets
Mon Oct 30 14:21:30 	Icon: Post Proces&s
Mon Oct 30 14:21:30 	Icon: &Route
Mon Oct 30 14:21:30 End-of-list
Mon Oct 30 14:21:31 Loaded file BACKUP0.MAX
Mon Oct 30 14:22:54 Saved as file ~undo.max
Mon Oct 30 14:23:04 Saved as file ~undo.max
Mon Oct 30 14:23:21 Saved as file ~undo.max
Mon Oct 30 14:23:43 Saved as file ~undo.max
Mon Oct 30 14:23:45 Saved as file ~undo.max
Mon Oct 30 14:24:04 Saved as file ~undo.max
Mon Oct 30 14:24:06 Saved as file ~undo.max
Mon Oct 30 14:24:08 Saved as file ~undo.max
Mon Oct 30 14:24:10 Saved as file ~undo.max
Mon Oct 30 14:24:12 Saved as file ~undo.max
Mon Oct 30 14:24:23 Saved as file ~undo.max
Mon Oct 30 14:24:31 Saved as file ~undo.max
Mon Oct 30 14:24:42 Saved as file ~undo.max
Mon Oct 30 14:24:45 Saved as file ~undo.max
Mon Oct 30 14:24:47 Saved as file ~undo.max
Mon Oct 30 14:24:50 Saved as file ~undo.max
Mon Oct 30 14:24:53 Saved as file ~undo.max
Mon Oct 30 14:24:57 Saved as file ~undo.max
Mon Oct 30 14:24:59 Saved as file ~undo.max
Mon Oct 30 14:25:03 Saved as file ~undo.max
Mon Oct 30 14:25:11 Saved as file ~undo.max
Mon Oct 30 14:25:27 Saved as file ~undo.max
Mon Oct 30 14:25:29 Saved as file ~undo.max
Mon Oct 30 14:25:36 Saved as file ~undo.max
Mon Oct 30 14:25:41 Saved as file ~undo.max
Mon Oct 30 14:26:11 Saved as file ~undo.max
Mon Oct 30 14:26:29 Saved as file ~undo.max
Mon Oct 30 14:26:38 Saved as file ~undo.max
Mon Oct 30 14:26:53 Saved as file ~undo.max
Mon Oct 30 14:27:16 Saved as file ~undo.max
Mon Oct 30 14:31:46 Saved as file BACKUP1.MAX
Mon Oct 30 14:32:32 Saved as file BACKUP1.MAX
Mon Oct 30 14:33:30 Saved as file ~undo.max
Mon Oct 30 14:33:42 Saved as file ~undo.max
Mon Oct 30 14:35:31 Saved as file ~undo.max
Mon Oct 30 14:35:58 Saved as file ~undo.max
Mon Oct 30 14:36:29 Saved as file ~undo.max
Mon Oct 30 14:37:23 Saved as file ~undo.max
Mon Oct 30 14:37:36 Saved as file ~undo.max
Mon Oct 30 14:37:46 Saved as file ~undo.max
Mon Oct 30 14:37:48 Saved as file ~undo.max
Mon Oct 30 14:37:53 Saved as file ~undo.max
Mon Oct 30 14:38:03 Saved as file ~undo.max
Mon Oct 30 14:38:06 Saved as file ~undo.max
Mon Oct 30 14:38:17 Saved as file ~undo.max
Mon Oct 30 14:38:27 Saved as file ~undo.max
Mon Oct 30 14:38:43 Saved as file ~undo.max
Mon Oct 30 14:39:01 Saved as file ~undo.max
Mon Oct 30 14:39:30 Saved as file ~undo.max
Mon Oct 30 14:39:40 Saved as file ~undo.max
Mon Oct 30 14:39:55 Saved as file ~undo.max
Mon Oct 30 14:40:05 Saved as file ~undo.max
Mon Oct 30 14:40:08 Saved as file ~undo.max
Mon Oct 30 14:40:11 Saved as file ~undo.max
Mon Oct 30 14:40:12 Saved as file ~undo.max
Mon Oct 30 14:40:18 Saved as file ~undo.max
Mon Oct 30 14:40:20 Saved as file ~undo.max
Mon Oct 30 14:42:17 Saved as file BACKUP1.MAX
Mon Oct 30 14:42:32 Saved as file BACKUP1.MAX
Mon Oct 30 14:49:38 Saved as file ~undo.max
Mon Oct 30 14:51:34 Saved as file ~undo.max
Mon Oct 30 14:52:19 Saved as file BACKUP1.MAX
Mon Oct 30 14:52:34 Saved as file BACKUP1.MAX
Mon Oct 30 14:53:40 Saved as file ~undo.max
Mon Oct 30 14:58:10 Saved as file ~undo.max
Mon Oct 30 15:02:22 Saved as file ~undo.max
Mon Oct 30 15:02:32 Saved as file BACKUP1.MAX
Mon Oct 30 15:02:40 Saved as file E:\ANALOG FX\NEW\MINIPB-1.MAX
Mon Oct 30 15:02:40 Saved as file E:\ANALOG FX\NEW\MINIPB-1.MAX
Mon Oct 30 15:03:17 Saved as file BACKUP1.MAX
Mon Oct 30 15:03:40 Saved as file E:\ANALOG FX\NEW\MINIPB-1.MAX
Tue Oct 31 20:22:18 Saved as file ~undo.max
Tue Oct 31 20:25:00 Saved as file ~undo.max
Tue Oct 31 20:25:34 Saved as file BACKUP1.MAX
Tue Oct 31 20:27:32 Saved as file ~undo.max
Tue Oct 31 20:29:44 Saved as file ~undo.max
Tue Oct 31 20:29:45 Saved as file ~undo.max
Tue Oct 31 20:29:46 Saved as file ~undo.max
Tue Oct 31 20:30:19 Saved as file ~undo.max
Tue Oct 31 20:33:05 Saved as file ~undo.max
Tue Oct 31 20:33:06 Saved as file ~undo.max
Tue Oct 31 20:33:07 Saved as file ~undo.max
Tue Oct 31 20:33:31 Saved as file ~undo.max
Tue Oct 31 20:33:32 Saved as file ~undo.max
Tue Oct 31 20:34:03 Saved as file ~undo.max
Tue Oct 31 20:34:04 Saved as file ~undo.max
Tue Oct 31 20:34:05 Saved as file ~undo.max
Tue Oct 31 20:34:36 Saved as file ~undo.max
Tue Oct 31 20:34:55 Saved as file ~undo.max
Tue Oct 31 20:35:51 Saved as file ~undo.max
Tue Oct 31 20:35:54 Saved as file ~undo.max
Tue Oct 31 20:36:28 Saved as file ~undo.max
Tue Oct 31 20:36:28 Saved as file ~undo.max
Tue Oct 31 20:37:11 Saved as file ~undo.max
Tue Oct 31 20:37:24 Saved as file ~undo.max
Tue Oct 31 20:37:25 Saved as file ~undo.max
Tue Oct 31 20:37:26 Saved as file ~undo.max
Tue Oct 31 20:38:05 Saved as file BACKUP1.MAX
Tue Oct 31 20:38:13 Saved as file ~undo.max
Tue Oct 31 20:38:25 Saved as file ~undo.max
Tue Oct 31 20:38:58 Saved as file ~undo.max
Tue Oct 31 20:39:04 Saved as file ~undo.max
Tue Oct 31 20:39:05 Saved as file ~undo.max
Tue Oct 31 20:39:06 Saved as file ~undo.max
Tue Oct 31 20:39:20 Saved as file ~undo.max
Tue Oct 31 20:39:29 Saved as file ~undo.max
Tue Oct 31 20:40:03 Saved as file ~undo.max
Tue Oct 31 20:42:47 Saved as file ~undo.max
Tue Oct 31 20:42:49 Saved as file ~undo.max
Tue Oct 31 20:46:10 Saved as file ~undo.max
Tue Oct 31 20:47:00 Loaded file C:\Cadence\SPB_16.2\tools\Layout_Plus\data\template.imp
Tue Oct 31 20:47:00 Loaded file C:\Cadence\SPB_16.2\tools\Layout_Plus\data\template.imp
Tue Oct 31 20:47:04 Loaded file I:\GENERAL\COTF\USERS\MEADOWS\MEADOWS.LLB
Tue Oct 31 20:47:06 Loaded file C:\Cadence\SPB_16.2\tools\Layout_Plus\data\template.imp
Tue Oct 31 20:47:14 Saved as file ~undo.max
Tue Oct 31 20:48:00 Saved as file ~undo.max
Tue Oct 31 20:48:15 Loaded file C:\Cadence\SPB_16.2\tools\Layout_Plus\data\template.imp
Tue Oct 31 20:48:15 Loaded file C:\Cadence\SPB_16.2\tools\Layout_Plus\data\template.imp
Tue Oct 31 20:48:16 Loaded file I:\GENERAL\COTF\USERS\MEADOWS\MEADOWS.LLB
Tue Oct 31 20:48:18 Loaded file C:\Cadence\SPB_16.2\tools\Layout_Plus\data\template.imp
Tue Oct 31 20:48:27 Saved as file ~undo.max
Tue Oct 31 20:48:35 Saved as file BACKUP1.MAX
Tue Oct 31 20:48:39 Loaded file C:\Cadence\SPB_16.2\tools\Layout_Plus\data\template.imp
Tue Oct 31 20:48:39 Loaded file C:\Cadence\SPB_16.2\tools\Layout_Plus\data\template.imp
Tue Oct 31 20:48:41 Loaded file C:\Cadence\SPB_16.2\tools\Layout_Plus\data\template.imp
Tue Oct 31 20:48:45 Saved as file ~undo.max
Tue Oct 31 20:48:54 Loaded file C:\Cadence\SPB_16.2\tools\Layout_Plus\data\template.imp
Tue Oct 31 20:48:54 Loaded file C:\Cadence\SPB_16.2\tools\Layout_Plus\data\template.imp
Tue Oct 31 20:48:57 Loaded file C:\Cadence\SPB_16.2\tools\Layout_Plus\data\template.imp
Tue Oct 31 20:49:02 Saved as file ~undo.max
Tue Oct 31 20:49:50 Saved as file ~undo.max
Tue Oct 31 20:58:35 Saved as file BACKUP1.MAX
Tue Oct 31 21:08:36 Saved as file BACKUP1.MAX
Tue Oct 31 21:18:36 Saved as file BACKUP1.MAX
Tue Oct 31 21:28:36 Saved as file BACKUP1.MAX
Tue Oct 31 21:38:37 Saved as file BACKUP1.MAX
Tue Oct 31 21:48:37 Saved as file BACKUP1.MAX
Tue Oct 31 21:58:37 Saved as file BACKUP1.MAX
Tue Oct 31 22:08:38 Saved as file BACKUP1.MAX
Tue Oct 31 22:18:38 Saved as file BACKUP1.MAX
Tue Oct 31 22:28:38 Saved as file BACKUP1.MAX
Tue Oct 31 22:38:38 Saved as file BACKUP1.MAX
Tue Oct 31 22:48:39 Saved as file BACKUP1.MAX
Tue Oct 31 22:58:39 Saved as file BACKUP1.MAX
Tue Oct 31 23:08:39 Saved as file BACKUP1.MAX
Tue Oct 31 23:18:40 Saved as file BACKUP1.MAX
Tue Oct 31 23:28:40 Saved as file BACKUP1.MAX
Tue Oct 31 23:38:40 Saved as file BACKUP1.MAX
Tue Oct 31 23:48:40 Saved as file BACKUP1.MAX
Tue Oct 31 23:58:41 Saved as file BACKUP1.MAX
Wed Nov 01 00:08:41 Saved as file BACKUP1.MAX
Wed Nov 01 00:18:41 Saved as file BACKUP1.MAX
Wed Nov 01 00:28:42 Saved as file BACKUP1.MAX
Wed Nov 01 00:38:42 Saved as file BACKUP1.MAX
Mon Nov 06 23:06:13 Saved as file E:\ANALOGEFFECTS\HW\SCHEMATIC\NEW\MINIPB-1.MAX
Mon Nov 06 23:06:19 Loaded file E:\ANALOGEFFECTS\HW\SCHEMATIC\NEW\MASTER SCHEMATIC-9.MAX
Mon Nov 06 23:07:46 Saved as file BACKUP1.MAX
Mon Nov 06 23:17:46 Saved as file BACKUP1.MAX
Mon Nov 06 23:27:25 Saved as file E:\ANALOGEFFECTS\HW\SCHEMATIC\NEW\MASTER SCHEMATIC-9.MAX
