AutoECO Report
FILE-A: C:\CADENCE\SPB_16.2\TOOLS\LAYOUT_PLUS\DATA\_DEFAULT.TCH
FILE-B: D:\ANALOG FX\NEW\MASTER SCHEMATIC.MNL
If "*EOF*" immediately follows, no changes were made
Adding footprint BLKCON.100/VH/TM2OE/W.200/46
Adding footprint CYL/D.300/LS.100/.034
Adding footprint 1/4"JACK2
Adding footprint SM/C_0805
Adding footprint BLKCON.100/VH/TM2OE/W.200/26
Adding footprint SM/SOT223_1234
Adding footprint SM/R_0805
Adding footprint DIP.100/28/W.600/L1.400
Adding footprint BARREL JACK
Adding footprint SOG.050/24/WG.420/L.625
Adding footprint BEAGLE_BONE BLACK
Adding footprint SM/SOT23_8
Adding package HEADER_23X2
Adding package C_ELECT_0
Adding package CONN_JACK_PWR_0
Adding package C
Adding package CON26
Adding package LM2950/TO_1
Adding package R
Adding package MT8809_0
Adding package RCA_JACK
Adding package PCF8575_1
Adding package BEAGLEBONE_BLACK
Adding package DG449_0
Adding component LCD_P9
Adding component C1
Adding component J5
Adding component J9
Adding component J7
Adding component C3
Adding component J16
Adding component C2
Adding component J14
Adding component J17
Adding component U6
Adding component J6
Adding component C6
Adding component R3
Adding component J2
Adding component U1
Adding component J3
Adding component LCD_P8
Adding component C5
Adding component J4
Adding component J11
Adding component C8
Adding component J18
Adding component J10
Adding component C9
Adding component J12
Adding component C4
Adding component U4
Adding component J8
Adding component J15
Adding component U9
Adding component C7
Adding component U7
Adding component J13
Adding component U3
Adding component R1
Adding component J1
Adding component U5
Adding component U8
Adding component R2
Adding net N00433
Adding net PRES6_IN
Adding net P2_OUT
Adding net PRES5_OUT
Adding net VIN
Adding net P5_IN
Adding net PRES5_IN
Adding net PRES4_OUT
Adding net PRES4_IN
Adding net P2_IN
Adding net PRES3_OUT
Adding net PRES3_IN
Adding net PRES2_OUT
Adding net PRES2_IN
Adding net PWR_BUT
Adding net PRES1_OUT
Adding net N55189
Adding net P1_OUT
Adding net N55185
Adding net SIG_OUT+
Adding net N55181
Adding net SIG_IN+
Adding net P4_IN
Adding net GND_SIGNAL
Adding net P3_OUT
Adding net P3_IN
Adding net PRES7_OUT
Adding net PRES7_IN
Adding net PRES6_OUT
Adding net P6_IN
Adding net P5_OUT
Adding net PRES1_IN
Adding net P4_OUT
Adding net P1_IN
Adding net P7_OUT
Adding net P7_IN
Adding net P6_OUT
Adding net LED10
Adding net LED4
Adding net LED3
Adding net PRESMASTER_OUT
Adding net LED2
Adding net LED6
Adding net PRESMASTER_IN
Adding net LED5
Adding net SW_UP
Adding net SW8
Adding net SW7
Adding net SW6
Adding net SW5
Adding net SW3
Adding net SW2
Adding net SW1
Adding net SW4
Adding net LED9
Adding net LED1
Adding net SW_DOWN
Adding net LED8
Adding net LED7
Adding net 0
Adding net LCD_DATA1
Adding net LCD_DATA0
Adding net I2C2_SCL
Adding net EHRPWM1A
Adding net LCD_VSYNC
Adding net LCD_PCLK
Adding net LCD_HSYNC
Adding net LCD_EN
Adding net LCD_DATA9
Adding net LCD_DATA8
Adding net LCD_DATA7
Adding net LCD_DATA6
Adding net LCD_DATA5
Adding net LCD_DATA4
Adding net GPIO1_28
Adding net VDD_3V3B
Adding net VCC
Adding net UART4_TXD
Adding net GPIO1_0
Adding net SYS_RESET
Adding net GPIO0_3
Adding net SYS_5V
Adding net LCD_DATA2
Adding net GPIO1_4
Adding net GPIO1_30
Adding net LCD_DATA3
Adding net UART4_RXD
Adding net LCD_DATA15
Adding net LCD_DATA14
Adding net LCD_DATA13
Adding net LCD_DATA12
Adding net LCD_DATA11
Adding net LCD_DATA10
Adding net GPIO1_16
Adding net GPIO0_7
Adding net UART1_RXD
Adding net UART1_TXD
Adding net GPIO0_2
Adding net GPIO1_31
Adding net GPIO2_4
Adding net GPIO3_19
Adding net GPIO2_3
Adding net GPIO1_3
Adding net GPIO1_7
Adding net GPIO2_5
Adding net GPIO2_2
Adding net GPIO1_2
Adding net GPIO1_6
Adding net GPIO0_26
Adding net GPIO1_12
Adding net GPIO0_22
Adding net GPIO0_27
Adding net GPIO1_15
Adding net GPIO1_23
Adding net GPIO1_13
Adding net GPIO3_15
Adding net GPIO1_29
Adding net GPIO1_1
Adding net GPIO1_5
Adding net I2C2_SDA
Adding net I2C1_SDA
Adding net GPIO2_24
Adding net GPIO3_21
Adding net GPIO1_17
Adding net GPIO2_1
Adding net GPIO1_14
Adding net CLKOUT2
Adding net I2C1_SCL
Adding net N02650
Deleting net DEFAULT
*EOF*
No errors found
